Using pre-set license
Built from '2021.3/staging' branch; Version is '2021.3.45f1 (0da89fac8e79) revision 895135'; Using compiler version '192829333'; Build Type 'Release'
OS: 'Windows 11  (10.0.26100) 64bit Professional' Language: 'ru' Physical Memory: 63091 MB
BatchMode: 1, IsHumanControllingUs: 0, StartBugReporterOnCrash: 0, Is64bit: 1, IsPro: 1

COMMAND LINE ARGUMENTS:
C:\Program Files\Unity\Hub\Editor\2021.3.45f1\Editor\Unity.exe
-adb2
-batchMode
-noUpm
-name
AssetImportWorker4
-projectPath
D:/Unity/Git/Unity_11-14WildBall/WildBall
-logFile
Logs/AssetImportWorker4.log
-srvPort
50126
Successfully changed project path to: D:/Unity/Git/Unity_11-14WildBall/WildBall
D:/Unity/Git/Unity_11-14WildBall/WildBall
[UnityMemory] Configuration Parameters - Can be set up in boot.config
    "memorysetup-bucket-allocator-granularity=16"
    "memorysetup-bucket-allocator-bucket-count=8"
    "memorysetup-bucket-allocator-block-size=33554432"
    "memorysetup-bucket-allocator-block-count=8"
    "memorysetup-main-allocator-block-size=16777216"
    "memorysetup-thread-allocator-block-size=16777216"
    "memorysetup-gfx-main-allocator-block-size=16777216"
    "memorysetup-gfx-thread-allocator-block-size=16777216"
    "memorysetup-cache-allocator-block-size=4194304"
    "memorysetup-typetree-allocator-block-size=2097152"
    "memorysetup-profiler-bucket-allocator-granularity=16"
    "memorysetup-profiler-bucket-allocator-bucket-count=8"
    "memorysetup-profiler-bucket-allocator-block-size=33554432"
    "memorysetup-profiler-bucket-allocator-block-count=8"
    "memorysetup-profiler-allocator-block-size=16777216"
    "memorysetup-profiler-editor-allocator-block-size=1048576"
    "memorysetup-temp-allocator-size-main=16777216"
    "memorysetup-job-temp-allocator-block-size=2097152"
    "memorysetup-job-temp-allocator-block-size-background=1048576"
    "memorysetup-job-temp-allocator-reduction-small-platforms=262144"
    "memorysetup-temp-allocator-size-background-worker=32768"
    "memorysetup-temp-allocator-size-job-worker=262144"
    "memorysetup-temp-allocator-size-preload-manager=33554432"
    "memorysetup-temp-allocator-size-nav-mesh-worker=65536"
    "memorysetup-temp-allocator-size-audio-worker=65536"
    "memorysetup-temp-allocator-size-cloud-worker=32768"
    "memorysetup-temp-allocator-size-gi-baking-worker=262144"
    "memorysetup-temp-allocator-size-gfx=262144"
Player connection [26952] Host "[IP] 192.168.1.13 [Port] 0 [Flags] 2 [Guid] 3739001791 [EditorId] 3739001791 [Version] 1048832 [Id] WindowsEditor(7,Yaygeniu) [Debug] 1 [PackageName] WindowsEditor [ProjectName] Editor" joined multi-casting on [225.0.0.222:54997]...

Player connection [26952] Host "[IP] 192.168.1.13 [Port] 0 [Flags] 2 [Guid] 3739001791 [EditorId] 3739001791 [Version] 1048832 [Id] WindowsEditor(7,Yaygeniu) [Debug] 1 [PackageName] WindowsEditor [ProjectName] Editor" joined alternative multi-casting on [225.0.0.222:34997]...

[Physics::Module] Initialized MultithreadedJobDispatcher with {0} workers.
Refreshing native plugins compatible for Editor in 24.37 ms, found 3 plugins.
Preloading 0 native plugins for Editor in 0.00 ms.
Initialize engine version: 2021.3.45f1 (0da89fac8e79)
[Subsystems] Discovering subsystems at path C:/Program Files/Unity/Hub/Editor/2021.3.45f1/Editor/Data/Resources/UnitySubsystems
[Subsystems] Discovering subsystems at path D:/Unity/Git/Unity_11-14WildBall/WildBall/Assets
GfxDevice: creating device client; threaded=0; jobified=0
Direct3D:
    Version:  Direct3D 11.0 [level 11.1]
    Renderer: NVIDIA GeForce RTX 5070 Ti (ID=0x2c05)
    Vendor:   NVIDIA
    VRAM:     15907 MB
    Driver:   32.0.15.7680
Initialize mono
Mono path[0] = 'C:/Program Files/Unity/Hub/Editor/2021.3.45f1/Editor/Data/Managed'
Mono path[1] = 'C:/Program Files/Unity/Hub/Editor/2021.3.45f1/Editor/Data/MonoBleedingEdge/lib/mono/unityjit-win32'
Mono config path = 'C:/Program Files/Unity/Hub/Editor/2021.3.45f1/Editor/Data/MonoBleedingEdge/etc'
Using monoOptions --debugger-agent=transport=dt_socket,embedding=1,server=y,suspend=n,address=127.0.0.1:56956
Begin MonoManager ReloadAssembly
Registering precompiled unity dll's ...
Register platform support module: C:/Program Files/Unity/Hub/Editor/2021.3.45f1/Editor/Data/PlaybackEngines/AndroidPlayer/UnityEditor.Android.Extensions.dll
Register platform support module: C:/Program Files/Unity/Hub/Editor/2021.3.45f1/Editor/Data/PlaybackEngines/WindowsStandaloneSupport/UnityEditor.WindowsStandalone.Extensions.dll
Registered in 0.002995 seconds.
Native extension for WindowsStandalone target not found
Native extension for Android target not found
Android Extension - Scanning For ADB Devices 208 ms
Refreshing native plugins compatible for Editor in 25.24 ms, found 3 plugins.
Preloading 0 native plugins for Editor in 0.00 ms.
Mono: successfully reloaded assembly
- Completed reload, in  0.510 seconds
Domain Reload Profiling:
	ReloadAssembly (510ms)
		BeginReloadAssembly (49ms)
			ExecutionOrderSort (0ms)
			DisableScriptedObjects (0ms)
			BackupInstance (0ms)
			ReleaseScriptingObjects (0ms)
			CreateAndSetChildDomain (0ms)
		EndReloadAssembly (416ms)
			LoadAssemblies (48ms)
			RebuildTransferFunctionScriptingTraits (0ms)
			SetupTypeCache (52ms)
			ReleaseScriptCaches (0ms)
			RebuildScriptCaches (13ms)
			SetupLoadedEditorAssemblies (331ms)
				LogAssemblyErrors (0ms)
				InitializePlatformSupportModulesInManaged (243ms)
				SetLoadedEditorAssemblies (0ms)
				RefreshPlugins (25ms)
				BeforeProcessingInitializeOnLoad (1ms)
				ProcessInitializeOnLoadAttributes (43ms)
				ProcessInitializeOnLoadMethodAttributes (19ms)
				AfterProcessingInitializeOnLoad (0ms)
				EditorAssembliesLoaded (0ms)
			ExecutionOrderSort2 (0ms)
			AwakeInstancesAfterBackupRestoration (0ms)
Platform modules already initialized, skipping
Registering precompiled user dll's ...
Registered in 0.001692 seconds.
Begin MonoManager ReloadAssembly
Native extension for WindowsStandalone target not found
Native extension for Android target not found
Refreshing native plugins compatible for Editor in 0.39 ms, found 3 plugins.
Preloading 0 native plugins for Editor in 0.00 ms.
Package Manager log level set to [2]
[Package Manager] Server::EnsureServerProcessIsRunning -- launch failed, reason: Unity was launched with the -noUpm command-line argument
[Package Manager] Cannot connect to Unity Package Manager local server
Mono: successfully reloaded assembly
- Completed reload, in  0.836 seconds
Domain Reload Profiling:
	ReloadAssembly (836ms)
		BeginReloadAssembly (65ms)
			ExecutionOrderSort (0ms)
			DisableScriptedObjects (3ms)
			BackupInstance (0ms)
			ReleaseScriptingObjects (0ms)
			CreateAndSetChildDomain (14ms)
		EndReloadAssembly (723ms)
			LoadAssemblies (47ms)
			RebuildTransferFunctionScriptingTraits (0ms)
			SetupTypeCache (126ms)
			ReleaseScriptCaches (0ms)
			RebuildScriptCaches (23ms)
			SetupLoadedEditorAssemblies (521ms)
				LogAssemblyErrors (0ms)
				InitializePlatformSupportModulesInManaged (6ms)
				SetLoadedEditorAssemblies (0ms)
				RefreshPlugins (0ms)
				BeforeProcessingInitializeOnLoad (27ms)
				ProcessInitializeOnLoadAttributes (474ms)
				ProcessInitializeOnLoadMethodAttributes (9ms)
				AfterProcessingInitializeOnLoad (3ms)
				EditorAssembliesLoaded (0ms)
			ExecutionOrderSort2 (0ms)
			AwakeInstancesAfterBackupRestoration (3ms)
Platform modules already initialized, skipping
========================================================================
Worker process is ready to serve import requests
Launched and connected shader compiler UnityShaderCompiler.exe after 0.03 seconds
Refreshing native plugins compatible for Editor in 0.67 ms, found 3 plugins.
Preloading 0 native plugins for Editor in 0.00 ms.
Unloading 3143 Unused Serialized files (Serialized files now loaded: 0)
Unloading 23 unused Assets / (20.5 KB). Loaded Objects now: 3629.
Memory consumption went from 131.7 MB to 131.6 MB.
Total: 3.286700 ms (FindLiveObjects: 0.331800 ms CreateObjectMapping: 0.056300 ms MarkObjects: 2.874100 ms  DeleteObjects: 0.023600 ms)

AssetImportParameters requested are different than current active one (requested -> active):
  custom:video-decoder-ogg-theora: a1e56fd34408186e4bbccfd4996cb3dc -> 
  custom:container-muxer-webm: aa71ff27fc2769a1b78a27578f13a17b -> 
  custom:container-demuxer-webm: 4f35f7cbe854078d1ac9338744f61a02 -> 
  custom:video-encoder-webm-vp8: eb34c28f22e8b96e1ab97ce403110664 -> 
  custom:video-codec-MediaFoundation-h265: 746d11721c4dcdbdad8f713fa42b33f4 -> 
  custom:CustomObjectIndexerAttribute: bc11b3a6c3213fcdd17b65e7da85e133 -> 
  custom:audio-encoder-webm-vorbis: bf7c407c2cedff20999df2af8eb42d56 -> 
  custom:framework-win-MediaFoundation: 216162199b28c13a410421893ffa2e32 -> 
  custom:SearchIndexIgnoredProperties: e643bd26f0fe6173181afceb89e7c659 -> 
  custom:container-demuxer-ogg: 62fdf1f143b41e24485cea50d1cbac27 -> 
  custom:video-decoder-webm-vp8: 9c59270c3fd7afecdb556c50c9e8de78 -> 
  custom:audio-decoder-ogg-vorbis: bf7c407c2cedff20999df2af8eb42d56 -> 
========================================================================
Received Import Request.
  Time since last request: 4418.398414 seconds.
  path: Assets/DownloadedAssets/VanillaArt_MeadevilPack_FREE/Prefabs/ReadyToGame/barrel_01.prefab
  artifactKey: Guid(3bec5058743290f4c884ed6e3a440d08) Importer(815301076,1909f56bfc062723c751e8b465ee728b)
Number of updated assets reloaded before import = 0
Start importing Assets/DownloadedAssets/VanillaArt_MeadevilPack_FREE/Prefabs/ReadyToGame/barrel_01.prefab using Guid(3bec5058743290f4c884ed6e3a440d08) Importer(815301076,1909f56bfc062723c751e8b465ee728b)  -> (artifact id: '0c525865f7fad22ff889d18bc0a7d420') in 0.085074 seconds 
Number of asset objects unloaded after import = 25
========================================================================
Received Import Request.
  Time since last request: 32.274668 seconds.
  path: Assets/DownloadedAssets/LowPoly Forest - Lite/Models/Mesh Colliders/Details/Log_8_Collider.fbx
  artifactKey: Guid(68c792febf5617743ac61affd99e3f70) Importer(815301076,1909f56bfc062723c751e8b465ee728b)
Number of updated assets reloaded before import = 0
Start importing Assets/DownloadedAssets/LowPoly Forest - Lite/Models/Mesh Colliders/Details/Log_8_Collider.fbx using Guid(68c792febf5617743ac61affd99e3f70) Importer(815301076,1909f56bfc062723c751e8b465ee728b)  -> (artifact id: '698a7d131d07cd656f4156dbec9a93a5') in 0.023849 seconds 
Number of asset objects unloaded after import = 7
========================================================================
Received Import Request.
  Time since last request: 35.983687 seconds.
  path: Assets/DownloadedAssets/Aligned Games/Polygonal Foliage Asset Package/Models/Cliffs
  artifactKey: Guid(b0f2c3ed00051ab45b39595eff41f2a6) Importer(815301076,1909f56bfc062723c751e8b465ee728b)
Number of updated assets reloaded before import = 0
Start importing Assets/DownloadedAssets/Aligned Games/Polygonal Foliage Asset Package/Models/Cliffs using Guid(b0f2c3ed00051ab45b39595eff41f2a6) Importer(815301076,1909f56bfc062723c751e8b465ee728b)  -> (artifact id: '323e8eb4ffb6e047b0e9aad2cd8d577e') in 0.007088 seconds 
Number of asset objects unloaded after import = 0
========================================================================
Received Import Request.
  Time since last request: 0.884258 seconds.
  path: Assets/DownloadedAssets/Aligned Games/Polygonal Foliage Asset Package/Models/Cliffs/Cliff1
  artifactKey: Guid(f9b4c1c353fb3d44a990dfc8d5561283) Importer(815301076,1909f56bfc062723c751e8b465ee728b)
Number of updated assets reloaded before import = 0
Start importing Assets/DownloadedAssets/Aligned Games/Polygonal Foliage Asset Package/Models/Cliffs/Cliff1 using Guid(f9b4c1c353fb3d44a990dfc8d5561283) Importer(815301076,1909f56bfc062723c751e8b465ee728b)  -> (artifact id: 'd8ffb61fe5e4bf9fb40a6654ad68533f') in 0.007244 seconds 
Number of asset objects unloaded after import = 0
========================================================================
Received Import Request.
  Time since last request: 0.061046 seconds.
  path: Assets/DownloadedAssets/Aligned Games/Polygonal Foliage Asset Package/Models/Cliffs/Cliff1/cliff_1.fbx
  artifactKey: Guid(d14e9e1099a52d24e9717f38fc099bf3) Importer(815301076,1909f56bfc062723c751e8b465ee728b)
Number of updated assets reloaded before import = 0
Start importing Assets/DownloadedAssets/Aligned Games/Polygonal Foliage Asset Package/Models/Cliffs/Cliff1/cliff_1.fbx using Guid(d14e9e1099a52d24e9717f38fc099bf3) Importer(815301076,1909f56bfc062723c751e8b465ee728b)  -> (artifact id: '34b52aa2a6be95889f8a27a44859dd55') in 0.015815 seconds 
Number of asset objects unloaded after import = 7
========================================================================
Received Import Request.
  Time since last request: 6.700477 seconds.
  path: Assets/DownloadedAssets/Aligned Games/Polygonal Foliage Asset Package/Models/Cliffs/Cliff1/cliff_1.fbx
  artifactKey: Guid(d14e9e1099a52d24e9717f38fc099bf3) Importer(815301076,1909f56bfc062723c751e8b465ee728b)
Number of updated assets reloaded before import = 0
Start importing Assets/DownloadedAssets/Aligned Games/Polygonal Foliage Asset Package/Models/Cliffs/Cliff1/cliff_1.fbx using Guid(d14e9e1099a52d24e9717f38fc099bf3) Importer(815301076,1909f56bfc062723c751e8b465ee728b)  -> (artifact id: 'bb62162ad1524756048ef55f79862b17') in 0.014644 seconds 
Number of asset objects unloaded after import = 7
========================================================================
Received Import Request.
  Time since last request: 1.266073 seconds.
  path: Assets/DownloadedAssets/Aligned Games/Polygonal Foliage Asset Package/Models/Cliffs/Cliff2/cliff_2.fbx
  artifactKey: Guid(c394a55e497a61f4cb10879c14d017e9) Importer(815301076,1909f56bfc062723c751e8b465ee728b)
Number of updated assets reloaded before import = 0
Start importing Assets/DownloadedAssets/Aligned Games/Polygonal Foliage Asset Package/Models/Cliffs/Cliff2/cliff_2.fbx using Guid(c394a55e497a61f4cb10879c14d017e9) Importer(815301076,1909f56bfc062723c751e8b465ee728b)  -> (artifact id: '1a7800bee5edf9bc111f413ce406d783') in 0.017150 seconds 
Number of asset objects unloaded after import = 7
========================================================================
Received Import Request.
  Time since last request: 1.245708 seconds.
  path: Assets/DownloadedAssets/Aligned Games/Polygonal Foliage Asset Package/Models/Cliffs/Cliff3/cliff_3.fbx
  artifactKey: Guid(35bcdd19e8ab0154f8067cebde611a1f) Importer(815301076,1909f56bfc062723c751e8b465ee728b)
Number of updated assets reloaded before import = 0
Start importing Assets/DownloadedAssets/Aligned Games/Polygonal Foliage Asset Package/Models/Cliffs/Cliff3/cliff_3.fbx using Guid(35bcdd19e8ab0154f8067cebde611a1f) Importer(815301076,1909f56bfc062723c751e8b465ee728b)  -> (artifact id: '86185043484c4da852d524744eaa046b') in 0.015173 seconds 
Number of asset objects unloaded after import = 7
========================================================================
Received Import Request.
  Time since last request: 0.518597 seconds.
  path: Assets/DownloadedAssets/Aligned Games/Polygonal Foliage Asset Package/Models/Cliffs/Cliff4/cliff_4.fbx
  artifactKey: Guid(dd76b5e048f187f439b253fffba695c0) Importer(815301076,1909f56bfc062723c751e8b465ee728b)
Number of updated assets reloaded before import = 0
Start importing Assets/DownloadedAssets/Aligned Games/Polygonal Foliage Asset Package/Models/Cliffs/Cliff4/cliff_4.fbx using Guid(dd76b5e048f187f439b253fffba695c0) Importer(815301076,1909f56bfc062723c751e8b465ee728b)  -> (artifact id: '5e778da26da17945ac3002ff6c9dcb00') in 0.054284 seconds 
Number of asset objects unloaded after import = 7
========================================================================
Received Import Request.
  Time since last request: 0.364699 seconds.
  path: Assets/DownloadedAssets/Aligned Games/Polygonal Foliage Asset Package/Models/Cliffs/Cliff5/cliff_5.fbx
  artifactKey: Guid(7aceb3c9ab19ab346aba6fc68fb3acd5) Importer(815301076,1909f56bfc062723c751e8b465ee728b)
Number of updated assets reloaded before import = 0
Start importing Assets/DownloadedAssets/Aligned Games/Polygonal Foliage Asset Package/Models/Cliffs/Cliff5/cliff_5.fbx using Guid(7aceb3c9ab19ab346aba6fc68fb3acd5) Importer(815301076,1909f56bfc062723c751e8b465ee728b)  -> (artifact id: '267af66975bb2f142a252d1258ed363f') in 0.014439 seconds 
Number of asset objects unloaded after import = 7
========================================================================
Received Import Request.
  Time since last request: 0.463545 seconds.
  path: Assets/DownloadedAssets/Aligned Games/Polygonal Foliage Asset Package/Models/Cliffs/Cliff6/cliff_6.fbx
  artifactKey: Guid(70b39351cb39b3e4d90763811fb26cd6) Importer(815301076,1909f56bfc062723c751e8b465ee728b)
Number of updated assets reloaded before import = 0
Start importing Assets/DownloadedAssets/Aligned Games/Polygonal Foliage Asset Package/Models/Cliffs/Cliff6/cliff_6.fbx using Guid(70b39351cb39b3e4d90763811fb26cd6) Importer(815301076,1909f56bfc062723c751e8b465ee728b)  -> (artifact id: '1323d3e0732db6bde69c68a3f3dd0368') in 0.016178 seconds 
Number of asset objects unloaded after import = 7
========================================================================
Received Import Request.
  Time since last request: 0.330440 seconds.
  path: Assets/DownloadedAssets/Aligned Games/Polygonal Foliage Asset Package/Models/Cliffs/Cliff7/cliff_7.fbx
  artifactKey: Guid(b73201a935129554e812ba5b69f10753) Importer(815301076,1909f56bfc062723c751e8b465ee728b)
Number of updated assets reloaded before import = 0
Start importing Assets/DownloadedAssets/Aligned Games/Polygonal Foliage Asset Package/Models/Cliffs/Cliff7/cliff_7.fbx using Guid(b73201a935129554e812ba5b69f10753) Importer(815301076,1909f56bfc062723c751e8b465ee728b)  -> (artifact id: '111f62c9de4ff7b9f25d061a1298542c') in 0.014193 seconds 
Number of asset objects unloaded after import = 7
========================================================================
Received Import Request.
  Time since last request: 0.838991 seconds.
  path: Assets/DownloadedAssets/Aligned Games/Polygonal Foliage Asset Package/Models/Cliffs/Cliff9/cliff_9.fbx
  artifactKey: Guid(b5193c4104a19964a88080b586933547) Importer(815301076,1909f56bfc062723c751e8b465ee728b)
Number of updated assets reloaded before import = 0
Start importing Assets/DownloadedAssets/Aligned Games/Polygonal Foliage Asset Package/Models/Cliffs/Cliff9/cliff_9.fbx using Guid(b5193c4104a19964a88080b586933547) Importer(815301076,1909f56bfc062723c751e8b465ee728b)  -> (artifact id: '80561128938c20dfa22b4899678a6f92') in 0.016163 seconds 
Number of asset objects unloaded after import = 7
========================================================================
Received Import Request.
  Time since last request: 8.655622 seconds.
  path: Assets/DownloadedAssets/Aligned Games/Polygonal Foliage Asset Package/Models/Cliffs/Cliff2/cliff_2.fbx
  artifactKey: Guid(c394a55e497a61f4cb10879c14d017e9) Importer(815301076,1909f56bfc062723c751e8b465ee728b)
Number of updated assets reloaded before import = 0
Start importing Assets/DownloadedAssets/Aligned Games/Polygonal Foliage Asset Package/Models/Cliffs/Cliff2/cliff_2.fbx using Guid(c394a55e497a61f4cb10879c14d017e9) Importer(815301076,1909f56bfc062723c751e8b465ee728b)  -> (artifact id: '2856f35d3681c090aa98fe379663156d') in 0.011592 seconds 
Number of asset objects unloaded after import = 7
========================================================================
Received Import Request.
  Time since last request: 0.006004 seconds.
  path: Assets/DownloadedAssets/Aligned Games/Polygonal Foliage Asset Package/Models/Cliffs/Cliff2/cliff_2.prefab
  artifactKey: Guid(726459f9041ad074592da564916bac1d) Importer(815301076,1909f56bfc062723c751e8b465ee728b)
Number of updated assets reloaded before import = 0
Start importing Assets/DownloadedAssets/Aligned Games/Polygonal Foliage Asset Package/Models/Cliffs/Cliff2/cliff_2.prefab using Guid(726459f9041ad074592da564916bac1d) Importer(815301076,1909f56bfc062723c751e8b465ee728b)  -> (artifact id: '8ddb6ebffa4093d4be6ea6ed8bdbffae') in 0.005294 seconds 
Number of asset objects unloaded after import = 10
========================================================================
Received Import Request.
  Time since last request: 0.000013 seconds.
  path: Assets/DownloadedAssets/Aligned Games/Polygonal Foliage Asset Package/Models/Cliffs/Cliff3/cliff_3.prefab
  artifactKey: Guid(a2071e3181f1c5f47b7acdff96e50f3a) Importer(815301076,1909f56bfc062723c751e8b465ee728b)
Number of updated assets reloaded before import = 0
Start importing Assets/DownloadedAssets/Aligned Games/Polygonal Foliage Asset Package/Models/Cliffs/Cliff3/cliff_3.prefab using Guid(a2071e3181f1c5f47b7acdff96e50f3a) Importer(815301076,1909f56bfc062723c751e8b465ee728b)  -> (artifact id: '43bb5e07f31c7e8bd63e3ffd732f2c4f') in 0.004641 seconds 
Number of asset objects unloaded after import = 10
========================================================================
Received Import Request.
  Time since last request: 0.002353 seconds.
  path: Assets/DownloadedAssets/Aligned Games/Polygonal Foliage Asset Package/Models/Cliffs/Cliff5/cliff_5.fbx
  artifactKey: Guid(7aceb3c9ab19ab346aba6fc68fb3acd5) Importer(815301076,1909f56bfc062723c751e8b465ee728b)
Number of updated assets reloaded before import = 0
Start importing Assets/DownloadedAssets/Aligned Games/Polygonal Foliage Asset Package/Models/Cliffs/Cliff5/cliff_5.fbx using Guid(7aceb3c9ab19ab346aba6fc68fb3acd5) Importer(815301076,1909f56bfc062723c751e8b465ee728b)  -> (artifact id: '0c54c77dbfb05d711558a045bd8efb68') in 0.010173 seconds 
Number of asset objects unloaded after import = 7
========================================================================
Received Import Request.
  Time since last request: 0.000013 seconds.
  path: Assets/DownloadedAssets/Aligned Games/Polygonal Foliage Asset Package/Models/Cliffs/Cliff8/cliff_8.prefab
  artifactKey: Guid(4f5ccf949647d924ebe3c03ab559a42c) Importer(815301076,1909f56bfc062723c751e8b465ee728b)
Number of updated assets reloaded before import = 0
Start importing Assets/DownloadedAssets/Aligned Games/Polygonal Foliage Asset Package/Models/Cliffs/Cliff8/cliff_8.prefab using Guid(4f5ccf949647d924ebe3c03ab559a42c) Importer(815301076,1909f56bfc062723c751e8b465ee728b)  -> (artifact id: '5107ff2a86f871c387e207895b11b2ec') in 0.009747 seconds 
Number of asset objects unloaded after import = 10
========================================================================
Received Import Request.
  Time since last request: 0.000015 seconds.
  path: Assets/DownloadedAssets/Aligned Games/Polygonal Foliage Asset Package/Models/Cliffs/Cliff4/cliff_4.fbx
  artifactKey: Guid(dd76b5e048f187f439b253fffba695c0) Importer(815301076,1909f56bfc062723c751e8b465ee728b)
Number of updated assets reloaded before import = 0
Start importing Assets/DownloadedAssets/Aligned Games/Polygonal Foliage Asset Package/Models/Cliffs/Cliff4/cliff_4.fbx using Guid(dd76b5e048f187f439b253fffba695c0) Importer(815301076,1909f56bfc062723c751e8b465ee728b)  -> (artifact id: '877842d5bde463e0765769fa344f1820') in 0.011911 seconds 
Number of asset objects unloaded after import = 7
========================================================================
Received Import Request.
  Time since last request: 0.000016 seconds.
  path: Assets/DownloadedAssets/Aligned Games/Polygonal Foliage Asset Package/Models/Cliffs/Cliff4/cliff_4.prefab
  artifactKey: Guid(368393f9b1a9c7840ac8af597f29afdc) Importer(815301076,1909f56bfc062723c751e8b465ee728b)
Number of updated assets reloaded before import = 0
Start importing Assets/DownloadedAssets/Aligned Games/Polygonal Foliage Asset Package/Models/Cliffs/Cliff4/cliff_4.prefab using Guid(368393f9b1a9c7840ac8af597f29afdc) Importer(815301076,1909f56bfc062723c751e8b465ee728b)  -> (artifact id: 'ede1ba7614b0a1673dd0b37e9d660d69') in 0.004414 seconds 
Number of asset objects unloaded after import = 10
========================================================================
Received Import Request.
  Time since last request: 0.000013 seconds.
  path: Assets/DownloadedAssets/Aligned Games/Polygonal Foliage Asset Package/Models/Cliffs/Cliff9/cliff_9.fbx
  artifactKey: Guid(b5193c4104a19964a88080b586933547) Importer(815301076,1909f56bfc062723c751e8b465ee728b)
Number of updated assets reloaded before import = 0
Start importing Assets/DownloadedAssets/Aligned Games/Polygonal Foliage Asset Package/Models/Cliffs/Cliff9/cliff_9.fbx using Guid(b5193c4104a19964a88080b586933547) Importer(815301076,1909f56bfc062723c751e8b465ee728b)  -> (artifact id: 'a39b616accf03d80d2e20f700c99f360') in 0.008261 seconds 
Number of asset objects unloaded after import = 7
========================================================================
Received Import Request.
  Time since last request: 0.000014 seconds.
  path: Assets/DownloadedAssets/Aligned Games/Polygonal Foliage Asset Package/Models/Cliffs/Cliff6/cliff_6.fbx
  artifactKey: Guid(70b39351cb39b3e4d90763811fb26cd6) Importer(815301076,1909f56bfc062723c751e8b465ee728b)
Number of updated assets reloaded before import = 0
Start importing Assets/DownloadedAssets/Aligned Games/Polygonal Foliage Asset Package/Models/Cliffs/Cliff6/cliff_6.fbx using Guid(70b39351cb39b3e4d90763811fb26cd6) Importer(815301076,1909f56bfc062723c751e8b465ee728b)  -> (artifact id: '485bebf298f91838d59c9368c1b5ac26') in 0.011875 seconds 
Number of asset objects unloaded after import = 7
========================================================================
Received Prepare
Registering precompiled user dll's ...
Registered in 0.001349 seconds.
Begin MonoManager ReloadAssembly
Native extension for WindowsStandalone target not found
Native extension for Android target not found
Refreshing native plugins compatible for Editor in 0.38 ms, found 3 plugins.
Preloading 0 native plugins for Editor in 0.00 ms.
[Package Manager] Server::EnsureServerProcessIsRunning -- launch failed, reason: Unity was launched with the -noUpm command-line argument
[Package Manager] Cannot connect to Unity Package Manager local server
Mono: successfully reloaded assembly
- Completed reload, in  0.853 seconds
Domain Reload Profiling:
	ReloadAssembly (854ms)
		BeginReloadAssembly (90ms)
			ExecutionOrderSort (0ms)
			DisableScriptedObjects (2ms)
			BackupInstance (0ms)
			ReleaseScriptingObjects (0ms)
			CreateAndSetChildDomain (26ms)
		EndReloadAssembly (720ms)
			LoadAssemblies (53ms)
			RebuildTransferFunctionScriptingTraits (0ms)
			SetupTypeCache (128ms)
			ReleaseScriptCaches (1ms)
			RebuildScriptCaches (20ms)
			SetupLoadedEditorAssemblies (517ms)
				LogAssemblyErrors (0ms)
				InitializePlatformSupportModulesInManaged (7ms)
				SetLoadedEditorAssemblies (0ms)
				RefreshPlugins (0ms)
				BeforeProcessingInitializeOnLoad (24ms)
				ProcessInitializeOnLoadAttributes (472ms)
				ProcessInitializeOnLoadMethodAttributes (10ms)
				AfterProcessingInitializeOnLoad (4ms)
				EditorAssembliesLoaded (0ms)
			ExecutionOrderSort2 (0ms)
			AwakeInstancesAfterBackupRestoration (3ms)
Platform modules already initialized, skipping
Refreshing native plugins compatible for Editor in 0.75 ms, found 3 plugins.
Preloading 0 native plugins for Editor in 0.00 ms.
Unloading 3121 Unused Serialized files (Serialized files now loaded: 0)
Unloading 19 unused Assets / (21.9 KB). Loaded Objects now: 3644.
Memory consumption went from 134.6 MB to 134.6 MB.
Total: 3.435200 ms (FindLiveObjects: 0.490400 ms CreateObjectMapping: 0.085700 ms MarkObjects: 2.829200 ms  DeleteObjects: 0.026600 ms)

AssetImportParameters requested are different than current active one (requested -> active):
  custom:video-decoder-ogg-theora: a1e56fd34408186e4bbccfd4996cb3dc -> 
  custom:container-muxer-webm: aa71ff27fc2769a1b78a27578f13a17b -> 
  custom:container-demuxer-webm: 4f35f7cbe854078d1ac9338744f61a02 -> 
  custom:video-encoder-webm-vp8: eb34c28f22e8b96e1ab97ce403110664 -> 
  custom:video-codec-MediaFoundation-h265: 746d11721c4dcdbdad8f713fa42b33f4 -> 
  custom:CustomObjectIndexerAttribute: bc11b3a6c3213fcdd17b65e7da85e133 -> 
  custom:audio-encoder-webm-vorbis: bf7c407c2cedff20999df2af8eb42d56 -> 
  custom:framework-win-MediaFoundation: 216162199b28c13a410421893ffa2e32 -> 
  custom:SearchIndexIgnoredProperties: e643bd26f0fe6173181afceb89e7c659 -> 
  custom:container-demuxer-ogg: 62fdf1f143b41e24485cea50d1cbac27 -> 
  custom:video-decoder-webm-vp8: 9c59270c3fd7afecdb556c50c9e8de78 -> 
  custom:audio-decoder-ogg-vorbis: bf7c407c2cedff20999df2af8eb42d56 -> 
========================================================================
Received Import Request.
  Time since last request: 19.501035 seconds.
  path: Assets/_Scenes/Level1/LightingData.asset
  artifactKey: Guid(f1437e0f67aad59488f35e143da159c9) Importer(815301076,1909f56bfc062723c751e8b465ee728b)
Number of updated assets reloaded before import = 0
Start importing Assets/_Scenes/Level1/LightingData.asset using Guid(f1437e0f67aad59488f35e143da159c9) Importer(815301076,1909f56bfc062723c751e8b465ee728b)  -> (artifact id: 'f50ab029838901f25c39ee167f5c0c1b') in 0.019101 seconds 
Number of asset objects unloaded after import = 1
========================================================================
Received Import Request.
  Time since last request: 0.000014 seconds.
  path: Assets/_Scenes/Level1/Lightmap-5_comp_light.exr
  artifactKey: Guid(e297b99a657bf0b44880fa58a9c08162) Importer(815301076,1909f56bfc062723c751e8b465ee728b)
Number of updated assets reloaded before import = 0
Start importing Assets/_Scenes/Level1/Lightmap-5_comp_light.exr using Guid(e297b99a657bf0b44880fa58a9c08162) Importer(815301076,1909f56bfc062723c751e8b465ee728b)  -> (artifact id: 'e928e00e612f7c07b75d9cdf03653fcd') in 0.030930 seconds 
Number of asset objects unloaded after import = 2
========================================================================
Received Import Request.
  Time since last request: 0.000015 seconds.
  path: Assets/_Scenes/Level1/Lightmap-5_comp_dir.png
  artifactKey: Guid(66278fcede5c5e34ab60d735846c9514) Importer(815301076,1909f56bfc062723c751e8b465ee728b)
Number of updated assets reloaded before import = 0
Start importing Assets/_Scenes/Level1/Lightmap-5_comp_dir.png using Guid(66278fcede5c5e34ab60d735846c9514) Importer(815301076,1909f56bfc062723c751e8b465ee728b)  -> (artifact id: '769c9b89776f5e6fb580a5e8fc039f84') in 0.029537 seconds 
Number of asset objects unloaded after import = 2
========================================================================
Received Import Request.
  Time since last request: 0.000017 seconds.
  path: Assets/_Scenes/Level1/Lightmap-2_comp_light.exr
  artifactKey: Guid(1e096e872e82a0945af15fd50d1e8874) Importer(815301076,1909f56bfc062723c751e8b465ee728b)
Number of updated assets reloaded before import = 0
Start importing Assets/_Scenes/Level1/Lightmap-2_comp_light.exr using Guid(1e096e872e82a0945af15fd50d1e8874) Importer(815301076,1909f56bfc062723c751e8b465ee728b)  -> (artifact id: '396ddb8bbaf4e995f5e9fc5e614b89b2') in 0.006892 seconds 
Number of asset objects unloaded after import = 2
========================================================================
Received Prepare
Registering precompiled user dll's ...
Registered in 0.001482 seconds.
Begin MonoManager ReloadAssembly
Native extension for WindowsStandalone target not found
Native extension for Android target not found
Refreshing native plugins compatible for Editor in 0.38 ms, found 3 plugins.
Preloading 0 native plugins for Editor in 0.00 ms.
[Package Manager] Server::EnsureServerProcessIsRunning -- launch failed, reason: Unity was launched with the -noUpm command-line argument
[Package Manager] Cannot connect to Unity Package Manager local server
Mono: successfully reloaded assembly
- Completed reload, in  0.846 seconds
Domain Reload Profiling:
	ReloadAssembly (846ms)
		BeginReloadAssembly (87ms)
			ExecutionOrderSort (0ms)
			DisableScriptedObjects (2ms)
			BackupInstance (0ms)
			ReleaseScriptingObjects (0ms)
			CreateAndSetChildDomain (26ms)
		EndReloadAssembly (716ms)
			LoadAssemblies (53ms)
			RebuildTransferFunctionScriptingTraits (0ms)
			SetupTypeCache (128ms)
			ReleaseScriptCaches (1ms)
			RebuildScriptCaches (20ms)
			SetupLoadedEditorAssemblies (512ms)
				LogAssemblyErrors (0ms)
				InitializePlatformSupportModulesInManaged (7ms)
				SetLoadedEditorAssemblies (0ms)
				RefreshPlugins (0ms)
				BeforeProcessingInitializeOnLoad (23ms)
				ProcessInitializeOnLoadAttributes (468ms)
				ProcessInitializeOnLoadMethodAttributes (9ms)
				AfterProcessingInitializeOnLoad (4ms)
				EditorAssembliesLoaded (0ms)
			ExecutionOrderSort2 (0ms)
			AwakeInstancesAfterBackupRestoration (4ms)
Platform modules already initialized, skipping
Refreshing native plugins compatible for Editor in 0.70 ms, found 3 plugins.
Preloading 0 native plugins for Editor in 0.00 ms.
Unloading 3121 Unused Serialized files (Serialized files now loaded: 0)
Unloading 19 unused Assets / (21.9 KB). Loaded Objects now: 3651.
Memory consumption went from 134.7 MB to 134.7 MB.
Total: 3.139500 ms (FindLiveObjects: 0.380700 ms CreateObjectMapping: 0.058200 ms MarkObjects: 2.675900 ms  DeleteObjects: 0.023400 ms)

AssetImportParameters requested are different than current active one (requested -> active):
  custom:video-decoder-ogg-theora: a1e56fd34408186e4bbccfd4996cb3dc -> 
  custom:container-muxer-webm: aa71ff27fc2769a1b78a27578f13a17b -> 
  custom:container-demuxer-webm: 4f35f7cbe854078d1ac9338744f61a02 -> 
  custom:video-encoder-webm-vp8: eb34c28f22e8b96e1ab97ce403110664 -> 
  custom:video-codec-MediaFoundation-h265: 746d11721c4dcdbdad8f713fa42b33f4 -> 
  custom:CustomObjectIndexerAttribute: bc11b3a6c3213fcdd17b65e7da85e133 -> 
  custom:audio-encoder-webm-vorbis: bf7c407c2cedff20999df2af8eb42d56 -> 
  custom:framework-win-MediaFoundation: 216162199b28c13a410421893ffa2e32 -> 
  custom:SearchIndexIgnoredProperties: e643bd26f0fe6173181afceb89e7c659 -> 
  custom:container-demuxer-ogg: 62fdf1f143b41e24485cea50d1cbac27 -> 
  custom:video-decoder-webm-vp8: 9c59270c3fd7afecdb556c50c9e8de78 -> 
  custom:audio-decoder-ogg-vorbis: bf7c407c2cedff20999df2af8eb42d56 -> 
========================================================================
Received Import Request.
  Time since last request: 60.319506 seconds.
  path: Assets/_Scenes/Level1/lvl1LightingSettings.lighting
  artifactKey: Guid(a03dcbb4a41a2b74da6df2c2514ed17b) Importer(815301076,1909f56bfc062723c751e8b465ee728b)
Number of updated assets reloaded before import = 0
Start importing Assets/_Scenes/Level1/lvl1LightingSettings.lighting using Guid(a03dcbb4a41a2b74da6df2c2514ed17b) Importer(815301076,1909f56bfc062723c751e8b465ee728b)  -> (artifact id: 'b74a04c817c73aff01e79b3923f2f6f3') in 0.020418 seconds 
Number of asset objects unloaded after import = 1
========================================================================
Received Import Request.
  Time since last request: 109.511191 seconds.
  path: Assets/_Scenes/Level1/lvl1LightingSettings.lighting
  artifactKey: Guid(a03dcbb4a41a2b74da6df2c2514ed17b) Importer(815301076,1909f56bfc062723c751e8b465ee728b)
Number of updated assets reloaded before import = 0
Start importing Assets/_Scenes/Level1/lvl1LightingSettings.lighting using Guid(a03dcbb4a41a2b74da6df2c2514ed17b) Importer(815301076,1909f56bfc062723c751e8b465ee728b)  -> (artifact id: 'df68a193588cf55cad59f24fc46b3911') in 0.001701 seconds 
Number of asset objects unloaded after import = 1
========================================================================
Received Import Request.
  Time since last request: 575.464731 seconds.
  path: Assets/_Scenes/Level1/LightingData.asset
  artifactKey: Guid(f1437e0f67aad59488f35e143da159c9) Importer(815301076,1909f56bfc062723c751e8b465ee728b)
Number of updated assets reloaded before import = 0
Start importing Assets/_Scenes/Level1/LightingData.asset using Guid(f1437e0f67aad59488f35e143da159c9) Importer(815301076,1909f56bfc062723c751e8b465ee728b)  -> (artifact id: '7832d0962ba0b1c730c2f76d0959b18f') in 0.001909 seconds 
Number of asset objects unloaded after import = 1
========================================================================
Received Import Request.
  Time since last request: 0.002526 seconds.
  path: Assets/_Scenes/Level1/Lightmap-1_comp_dir.png
  artifactKey: Guid(2f4f461da43b2cf428e50a4edcc1dcbc) Importer(815301076,1909f56bfc062723c751e8b465ee728b)
Number of updated assets reloaded before import = 0
Start importing Assets/_Scenes/Level1/Lightmap-1_comp_dir.png using Guid(2f4f461da43b2cf428e50a4edcc1dcbc) Importer(815301076,1909f56bfc062723c751e8b465ee728b)  -> (artifact id: '12143bf271ac496fb13dc67d3f42d16a') in 0.036100 seconds 
Number of asset objects unloaded after import = 2
========================================================================
Received Import Request.
  Time since last request: 0.000018 seconds.
  path: Assets/_Scenes/Level1/Lightmap-3_comp_dir.png
  artifactKey: Guid(8d5f7cc6ccf4c8748aa6bb4f26727d65) Importer(815301076,1909f56bfc062723c751e8b465ee728b)
Number of updated assets reloaded before import = 0
Start importing Assets/_Scenes/Level1/Lightmap-3_comp_dir.png using Guid(8d5f7cc6ccf4c8748aa6bb4f26727d65) Importer(815301076,1909f56bfc062723c751e8b465ee728b)  -> (artifact id: '50cff1051fa0bac240b6c136400ce130') in 0.014653 seconds 
Number of asset objects unloaded after import = 2
========================================================================
Received Import Request.
  Time since last request: 0.000014 seconds.
  path: Assets/_Scenes/Level1/Lightmap-0_comp_light.exr
  artifactKey: Guid(e24606389529e8547afbcbde44a1ba51) Importer(815301076,1909f56bfc062723c751e8b465ee728b)
Number of updated assets reloaded before import = 0
Start importing Assets/_Scenes/Level1/Lightmap-0_comp_light.exr using Guid(e24606389529e8547afbcbde44a1ba51) Importer(815301076,1909f56bfc062723c751e8b465ee728b)  -> (artifact id: '91f63187f8a019b5baa0b312eb769272') in 0.015377 seconds 
Number of asset objects unloaded after import = 2
========================================================================
Received Import Request.
  Time since last request: 0.000014 seconds.
  path: Assets/_Scenes/Level1/Lightmap-4_comp_dir.png
  artifactKey: Guid(c05758d24c63d58459667ce0a2083c70) Importer(815301076,1909f56bfc062723c751e8b465ee728b)
Number of updated assets reloaded before import = 0
Start importing Assets/_Scenes/Level1/Lightmap-4_comp_dir.png using Guid(c05758d24c63d58459667ce0a2083c70) Importer(815301076,1909f56bfc062723c751e8b465ee728b)  -> (artifact id: 'bc937489719dfd3e0b4445f8fb050a09') in 0.013193 seconds 
Number of asset objects unloaded after import = 2
========================================================================
Received Import Request.
  Time since last request: 0.000019 seconds.
  path: Assets/_Scenes/Level1/Lightmap-2_comp_light.exr
  artifactKey: Guid(1e096e872e82a0945af15fd50d1e8874) Importer(815301076,1909f56bfc062723c751e8b465ee728b)
Number of updated assets reloaded before import = 0
Start importing Assets/_Scenes/Level1/Lightmap-2_comp_light.exr using Guid(1e096e872e82a0945af15fd50d1e8874) Importer(815301076,1909f56bfc062723c751e8b465ee728b)  -> (artifact id: '40b5b99d6dee8d5e1e128302b7a3e30f') in 0.015795 seconds 
Number of asset objects unloaded after import = 2
========================================================================
Received Prepare
Registering precompiled user dll's ...
Registered in 0.002390 seconds.
Begin MonoManager ReloadAssembly
Native extension for WindowsStandalone target not found
Native extension for Android target not found
Refreshing native plugins compatible for Editor in 0.44 ms, found 3 plugins.
Preloading 0 native plugins for Editor in 0.00 ms.
[Package Manager] Server::EnsureServerProcessIsRunning -- launch failed, reason: Unity was launched with the -noUpm command-line argument
[Package Manager] Cannot connect to Unity Package Manager local server
Mono: successfully reloaded assembly
- Completed reload, in  0.869 seconds
Domain Reload Profiling:
	ReloadAssembly (870ms)
		BeginReloadAssembly (89ms)
			ExecutionOrderSort (0ms)
			DisableScriptedObjects (2ms)
			BackupInstance (0ms)
			ReleaseScriptingObjects (0ms)
			CreateAndSetChildDomain (26ms)
		EndReloadAssembly (736ms)
			LoadAssemblies (55ms)
			RebuildTransferFunctionScriptingTraits (0ms)
			SetupTypeCache (128ms)
			ReleaseScriptCaches (1ms)
			RebuildScriptCaches (21ms)
			SetupLoadedEditorAssemblies (527ms)
				LogAssemblyErrors (0ms)
				InitializePlatformSupportModulesInManaged (8ms)
				SetLoadedEditorAssemblies (0ms)
				RefreshPlugins (0ms)
				BeforeProcessingInitializeOnLoad (27ms)
				ProcessInitializeOnLoadAttributes (478ms)
				ProcessInitializeOnLoadMethodAttributes (11ms)
				AfterProcessingInitializeOnLoad (3ms)
				EditorAssembliesLoaded (0ms)
			ExecutionOrderSort2 (0ms)
			AwakeInstancesAfterBackupRestoration (4ms)
Platform modules already initialized, skipping
Refreshing native plugins compatible for Editor in 0.70 ms, found 3 plugins.
Preloading 0 native plugins for Editor in 0.00 ms.
Unloading 3121 Unused Serialized files (Serialized files now loaded: 0)
Unloading 19 unused Assets / (21.9 KB). Loaded Objects now: 3654.
Memory consumption went from 134.7 MB to 134.7 MB.
Total: 3.353900 ms (FindLiveObjects: 0.407000 ms CreateObjectMapping: 0.070100 ms MarkObjects: 2.853000 ms  DeleteObjects: 0.022300 ms)

AssetImportParameters requested are different than current active one (requested -> active):
  custom:video-decoder-ogg-theora: a1e56fd34408186e4bbccfd4996cb3dc -> 
  custom:container-muxer-webm: aa71ff27fc2769a1b78a27578f13a17b -> 
  custom:container-demuxer-webm: 4f35f7cbe854078d1ac9338744f61a02 -> 
  custom:video-encoder-webm-vp8: eb34c28f22e8b96e1ab97ce403110664 -> 
  custom:video-codec-MediaFoundation-h265: 746d11721c4dcdbdad8f713fa42b33f4 -> 
  custom:CustomObjectIndexerAttribute: bc11b3a6c3213fcdd17b65e7da85e133 -> 
  custom:audio-encoder-webm-vorbis: bf7c407c2cedff20999df2af8eb42d56 -> 
  custom:framework-win-MediaFoundation: 216162199b28c13a410421893ffa2e32 -> 
  custom:SearchIndexIgnoredProperties: e643bd26f0fe6173181afceb89e7c659 -> 
  custom:container-demuxer-ogg: 62fdf1f143b41e24485cea50d1cbac27 -> 
  custom:video-decoder-webm-vp8: 9c59270c3fd7afecdb556c50c9e8de78 -> 
  custom:audio-decoder-ogg-vorbis: bf7c407c2cedff20999df2af8eb42d56 -> 
Editor requested this worker to shutdown with reason: Scaling down because of idle timeout
AssetImportWorker is now disconnected from the server
Process exiting
Exiting without the bug reporter. Application will terminate with return code 0