Using pre-set license
Built from '2021.3/staging' branch; Version is '2021.3.45f1 (0da89fac8e79) revision 895135'; Using compiler version '192829333'; Build Type 'Release'
OS: 'Windows 11  (10.0.26100) 64bit Professional' Language: 'ru' Physical Memory: 63091 MB
BatchMode: 1, IsHumanControllingUs: 0, StartBugReporterOnCrash: 0, Is64bit: 1, IsPro: 1

COMMAND LINE ARGUMENTS:
C:\Program Files\Unity\Hub\Editor\2021.3.45f1\Editor\Unity.exe
-adb2
-batchMode
-noUpm
-name
AssetImportWorker0
-projectPath
D:/Unity/Git/Unity_11-14WildBall/WildBall
-logFile
Logs/AssetImportWorker0.log
-srvPort
50126
Successfully changed project path to: D:/Unity/Git/Unity_11-14WildBall/WildBall
D:/Unity/Git/Unity_11-14WildBall/WildBall
[UnityMemory] Configuration Parameters - Can be set up in boot.config
    "memorysetup-bucket-allocator-granularity=16"
    "memorysetup-bucket-allocator-bucket-count=8"
    "memorysetup-bucket-allocator-block-size=33554432"
    "memorysetup-bucket-allocator-block-count=8"
    "memorysetup-main-allocator-block-size=16777216"
    "memorysetup-thread-allocator-block-size=16777216"
    "memorysetup-gfx-main-allocator-block-size=16777216"
    "memorysetup-gfx-thread-allocator-block-size=16777216"
    "memorysetup-cache-allocator-block-size=4194304"
    "memorysetup-typetree-allocator-block-size=2097152"
    "memorysetup-profiler-bucket-allocator-granularity=16"
    "memorysetup-profiler-bucket-allocator-bucket-count=8"
    "memorysetup-profiler-bucket-allocator-block-size=33554432"
    "memorysetup-profiler-bucket-allocator-block-count=8"
    "memorysetup-profiler-allocator-block-size=16777216"
    "memorysetup-profiler-editor-allocator-block-size=1048576"
    "memorysetup-temp-allocator-size-main=16777216"
    "memorysetup-job-temp-allocator-block-size=2097152"
    "memorysetup-job-temp-allocator-block-size-background=1048576"
    "memorysetup-job-temp-allocator-reduction-small-platforms=262144"
    "memorysetup-temp-allocator-size-background-worker=32768"
    "memorysetup-temp-allocator-size-job-worker=262144"
    "memorysetup-temp-allocator-size-preload-manager=33554432"
    "memorysetup-temp-allocator-size-nav-mesh-worker=65536"
    "memorysetup-temp-allocator-size-audio-worker=65536"
    "memorysetup-temp-allocator-size-cloud-worker=32768"
    "memorysetup-temp-allocator-size-gi-baking-worker=262144"
    "memorysetup-temp-allocator-size-gfx=262144"
Player connection [26360] Host "[IP] 192.168.1.13 [Port] 0 [Flags] 2 [Guid] 2634006940 [EditorId] 2634006940 [Version] 1048832 [Id] WindowsEditor(7,Yaygeniu) [Debug] 1 [PackageName] WindowsEditor [ProjectName] Editor" joined multi-casting on [225.0.0.222:54997]...

Player connection [26360] Host "[IP] 192.168.1.13 [Port] 0 [Flags] 2 [Guid] 2634006940 [EditorId] 2634006940 [Version] 1048832 [Id] WindowsEditor(7,Yaygeniu) [Debug] 1 [PackageName] WindowsEditor [ProjectName] Editor" joined alternative multi-casting on [225.0.0.222:34997]...

[Physics::Module] Initialized MultithreadedJobDispatcher with {0} workers.
Refreshing native plugins compatible for Editor in 25.35 ms, found 3 plugins.
Preloading 0 native plugins for Editor in 0.00 ms.
Initialize engine version: 2021.3.45f1 (0da89fac8e79)
[Subsystems] Discovering subsystems at path C:/Program Files/Unity/Hub/Editor/2021.3.45f1/Editor/Data/Resources/UnitySubsystems
[Subsystems] Discovering subsystems at path D:/Unity/Git/Unity_11-14WildBall/WildBall/Assets
GfxDevice: creating device client; threaded=0; jobified=0
Direct3D:
    Version:  Direct3D 11.0 [level 11.1]
    Renderer: NVIDIA GeForce RTX 5070 Ti (ID=0x2c05)
    Vendor:   NVIDIA
    VRAM:     15907 MB
    Driver:   32.0.15.7680
Initialize mono
Mono path[0] = 'C:/Program Files/Unity/Hub/Editor/2021.3.45f1/Editor/Data/Managed'
Mono path[1] = 'C:/Program Files/Unity/Hub/Editor/2021.3.45f1/Editor/Data/MonoBleedingEdge/lib/mono/unityjit-win32'
Mono config path = 'C:/Program Files/Unity/Hub/Editor/2021.3.45f1/Editor/Data/MonoBleedingEdge/etc'
Using monoOptions --debugger-agent=transport=dt_socket,embedding=1,server=y,suspend=n,address=127.0.0.1:56800
Begin MonoManager ReloadAssembly
Registering precompiled unity dll's ...
Register platform support module: C:/Program Files/Unity/Hub/Editor/2021.3.45f1/Editor/Data/PlaybackEngines/AndroidPlayer/UnityEditor.Android.Extensions.dll
Register platform support module: C:/Program Files/Unity/Hub/Editor/2021.3.45f1/Editor/Data/PlaybackEngines/WindowsStandaloneSupport/UnityEditor.WindowsStandalone.Extensions.dll
Registered in 0.002280 seconds.
Native extension for WindowsStandalone target not found
Native extension for Android target not found
Android Extension - Scanning For ADB Devices 139 ms
Refreshing native plugins compatible for Editor in 26.20 ms, found 3 plugins.
Preloading 0 native plugins for Editor in 0.00 ms.
Mono: successfully reloaded assembly
- Completed reload, in  0.600 seconds
Domain Reload Profiling:
	ReloadAssembly (600ms)
		BeginReloadAssembly (44ms)
			ExecutionOrderSort (0ms)
			DisableScriptedObjects (0ms)
			BackupInstance (0ms)
			ReleaseScriptingObjects (0ms)
			CreateAndSetChildDomain (0ms)
		EndReloadAssembly (436ms)
			LoadAssemblies (43ms)
			RebuildTransferFunctionScriptingTraits (0ms)
			SetupTypeCache (133ms)
			ReleaseScriptCaches (0ms)
			RebuildScriptCaches (12ms)
			SetupLoadedEditorAssemblies (272ms)
				LogAssemblyErrors (0ms)
				InitializePlatformSupportModulesInManaged (178ms)
				SetLoadedEditorAssemblies (0ms)
				RefreshPlugins (26ms)
				BeforeProcessingInitializeOnLoad (1ms)
				ProcessInitializeOnLoadAttributes (42ms)
				ProcessInitializeOnLoadMethodAttributes (25ms)
				AfterProcessingInitializeOnLoad (0ms)
				EditorAssembliesLoaded (0ms)
			ExecutionOrderSort2 (0ms)
			AwakeInstancesAfterBackupRestoration (0ms)
Platform modules already initialized, skipping
Registering precompiled user dll's ...
Registered in 0.001472 seconds.
Begin MonoManager ReloadAssembly
Native extension for WindowsStandalone target not found
Native extension for Android target not found
Refreshing native plugins compatible for Editor in 0.68 ms, found 3 plugins.
Preloading 0 native plugins for Editor in 0.00 ms.
Package Manager log level set to [2]
[Package Manager] Server::EnsureServerProcessIsRunning -- launch failed, reason: Unity was launched with the -noUpm command-line argument
[Package Manager] Cannot connect to Unity Package Manager local server
Mono: successfully reloaded assembly
- Completed reload, in  1.017 seconds
Domain Reload Profiling:
	ReloadAssembly (1018ms)
		BeginReloadAssembly (64ms)
			ExecutionOrderSort (0ms)
			DisableScriptedObjects (3ms)
			BackupInstance (0ms)
			ReleaseScriptingObjects (0ms)
			CreateAndSetChildDomain (12ms)
		EndReloadAssembly (899ms)
			LoadAssemblies (49ms)
			RebuildTransferFunctionScriptingTraits (0ms)
			SetupTypeCache (221ms)
			ReleaseScriptCaches (1ms)
			RebuildScriptCaches (32ms)
			SetupLoadedEditorAssemblies (578ms)
				LogAssemblyErrors (0ms)
				InitializePlatformSupportModulesInManaged (7ms)
				SetLoadedEditorAssemblies (0ms)
				RefreshPlugins (1ms)
				BeforeProcessingInitializeOnLoad (41ms)
				ProcessInitializeOnLoadAttributes (513ms)
				ProcessInitializeOnLoadMethodAttributes (12ms)
				AfterProcessingInitializeOnLoad (4ms)
				EditorAssembliesLoaded (0ms)
			ExecutionOrderSort2 (0ms)
			AwakeInstancesAfterBackupRestoration (4ms)
Platform modules already initialized, skipping
========================================================================
Worker process is ready to serve import requests
Launched and connected shader compiler UnityShaderCompiler.exe after 0.02 seconds
Refreshing native plugins compatible for Editor in 0.68 ms, found 3 plugins.
Preloading 0 native plugins for Editor in 0.00 ms.
Unloading 3143 Unused Serialized files (Serialized files now loaded: 0)
Unloading 23 unused Assets / (20.5 KB). Loaded Objects now: 3629.
Memory consumption went from 131.5 MB to 131.5 MB.
Total: 2.861200 ms (FindLiveObjects: 0.302100 ms CreateObjectMapping: 0.059700 ms MarkObjects: 2.482300 ms  DeleteObjects: 0.016700 ms)

AssetImportParameters requested are different than current active one (requested -> active):
  custom:video-decoder-ogg-theora: a1e56fd34408186e4bbccfd4996cb3dc -> 
  custom:container-muxer-webm: aa71ff27fc2769a1b78a27578f13a17b -> 
  custom:container-demuxer-webm: 4f35f7cbe854078d1ac9338744f61a02 -> 
  custom:video-encoder-webm-vp8: eb34c28f22e8b96e1ab97ce403110664 -> 
  custom:video-codec-MediaFoundation-h265: 746d11721c4dcdbdad8f713fa42b33f4 -> 
  custom:CustomObjectIndexerAttribute: bc11b3a6c3213fcdd17b65e7da85e133 -> 
  custom:audio-encoder-webm-vorbis: bf7c407c2cedff20999df2af8eb42d56 -> 
  custom:framework-win-MediaFoundation: 216162199b28c13a410421893ffa2e32 -> 
  custom:SearchIndexIgnoredProperties: e643bd26f0fe6173181afceb89e7c659 -> 
  custom:container-demuxer-ogg: 62fdf1f143b41e24485cea50d1cbac27 -> 
  custom:video-decoder-webm-vp8: 9c59270c3fd7afecdb556c50c9e8de78 -> 
  custom:audio-decoder-ogg-vorbis: bf7c407c2cedff20999df2af8eb42d56 -> 
========================================================================
Received Import Request.
  Time since last request: 3824.604202 seconds.
  path: Assets/_Scenes/Level1/lvl1lightingsettings.lighting
  artifactKey: Guid(a03dcbb4a41a2b74da6df2c2514ed17b) Importer(815301076,1909f56bfc062723c751e8b465ee728b)
Number of updated assets reloaded before import = 0
Start importing Assets/_Scenes/Level1/lvl1lightingsettings.lighting using Guid(a03dcbb4a41a2b74da6df2c2514ed17b) Importer(815301076,1909f56bfc062723c751e8b465ee728b)  -> (artifact id: 'f33344534e0a1a1576f4b84ef5749dc6') in 0.030455 seconds 
Number of asset objects unloaded after import = 1
========================================================================
Received Import Request.
  Time since last request: 210.341769 seconds.
  path: Assets/DownloadedAssets/Aligned Games/Polygonal Foliage Asset Package/Models/Rocks/Rock18/rock_18.fbx
  artifactKey: Guid(385e49cd155c8d947ae5eaec63d7f50d) Importer(815301076,1909f56bfc062723c751e8b465ee728b)
Number of updated assets reloaded before import = 0
Start importing Assets/DownloadedAssets/Aligned Games/Polygonal Foliage Asset Package/Models/Rocks/Rock18/rock_18.fbx using Guid(385e49cd155c8d947ae5eaec63d7f50d) Importer(815301076,1909f56bfc062723c751e8b465ee728b)  -> (artifact id: 'fac576aa7a8529ffebeebb157a3860ed') in 0.081988 seconds 
Number of asset objects unloaded after import = 8
========================================================================
Received Import Request.
  Time since last request: 337.432678 seconds.
  path: Assets/DownloadedAssets/VanillaArt_MeadevilPack_FREE/Models/house_01.fbx
  artifactKey: Guid(9dc4b88754cb6534e8e22097b7e84e48) Importer(815301076,1909f56bfc062723c751e8b465ee728b)
Number of updated assets reloaded before import = 0
Start importing Assets/DownloadedAssets/VanillaArt_MeadevilPack_FREE/Models/house_01.fbx using Guid(9dc4b88754cb6534e8e22097b7e84e48) Importer(815301076,1909f56bfc062723c751e8b465ee728b)  -> (artifact id: 'f562dc8d56ab7142c8caa7f4427ff806') in 0.069887 seconds 
Number of asset objects unloaded after import = 127
========================================================================
Received Import Request.
  Time since last request: 18.469738 seconds.
  path: Assets/DownloadedAssets/VanillaArt_MeadevilPack_FREE/Materials/barre_01l_wood.mat
  artifactKey: Guid(21336316c1953c841ac00b019570ff43) Importer(815301076,1909f56bfc062723c751e8b465ee728b)
Number of updated assets reloaded before import = 0
Start importing Assets/DownloadedAssets/VanillaArt_MeadevilPack_FREE/Materials/barre_01l_wood.mat using Guid(21336316c1953c841ac00b019570ff43) Importer(815301076,1909f56bfc062723c751e8b465ee728b)  -> (artifact id: '7ea77934a4f1a9f19176abf80d29c40b') in 0.024630 seconds 
Number of asset objects unloaded after import = 2
========================================================================
Received Import Request.
  Time since last request: 0.000020 seconds.
  path: Assets/DownloadedAssets/VanillaArt_MeadevilPack_FREE/Materials/cart_01_main.mat
  artifactKey: Guid(df8452c07a7a78e408a012dd3ec5bcfb) Importer(815301076,1909f56bfc062723c751e8b465ee728b)
Number of updated assets reloaded before import = 0
Start importing Assets/DownloadedAssets/VanillaArt_MeadevilPack_FREE/Materials/cart_01_main.mat using Guid(df8452c07a7a78e408a012dd3ec5bcfb) Importer(815301076,1909f56bfc062723c751e8b465ee728b)  -> (artifact id: '6d7bbd51e19683884b6df1cb94622c5a') in 0.020735 seconds 
Number of asset objects unloaded after import = 2
========================================================================
Received Import Request.
  Time since last request: 0.000015 seconds.
  path: Assets/DownloadedAssets/VanillaArt_MeadevilPack_FREE/Materials/house_01_pipe.mat
  artifactKey: Guid(35bca24f9c1901a488a923d8e55e5756) Importer(815301076,1909f56bfc062723c751e8b465ee728b)
Number of updated assets reloaded before import = 0
Start importing Assets/DownloadedAssets/VanillaArt_MeadevilPack_FREE/Materials/house_01_pipe.mat using Guid(35bca24f9c1901a488a923d8e55e5756) Importer(815301076,1909f56bfc062723c751e8b465ee728b)  -> (artifact id: 'ca10f195e0b7cc10deab8f312708dc71') in 0.014374 seconds 
Number of asset objects unloaded after import = 2
========================================================================
Received Import Request.
  Time since last request: 0.000013 seconds.
  path: Assets/DownloadedAssets/VanillaArt_MeadevilPack_FREE/Materials/cart_01_secondary.mat
  artifactKey: Guid(b2e30ea042cc66d4dae0b668b75bdae2) Importer(815301076,1909f56bfc062723c751e8b465ee728b)
Number of updated assets reloaded before import = 0
Start importing Assets/DownloadedAssets/VanillaArt_MeadevilPack_FREE/Materials/cart_01_secondary.mat using Guid(b2e30ea042cc66d4dae0b668b75bdae2) Importer(815301076,1909f56bfc062723c751e8b465ee728b)  -> (artifact id: '73463f00fd460bb0243337b6b4c5208b') in 0.015404 seconds 
Number of asset objects unloaded after import = 2
========================================================================
Received Import Request.
  Time since last request: 0.000014 seconds.
  path: Assets/DownloadedAssets/VanillaArt_MeadevilPack_FREE/Materials/fances.mat
  artifactKey: Guid(fd3e1dcd577ba6643ab93e93280e9c59) Importer(815301076,1909f56bfc062723c751e8b465ee728b)
Number of updated assets reloaded before import = 0
Start importing Assets/DownloadedAssets/VanillaArt_MeadevilPack_FREE/Materials/fances.mat using Guid(fd3e1dcd577ba6643ab93e93280e9c59) Importer(815301076,1909f56bfc062723c751e8b465ee728b)  -> (artifact id: 'bfe56c61aec44a84b712d6ed54c28316') in 0.012544 seconds 
Number of asset objects unloaded after import = 1
========================================================================
Received Import Request.
  Time since last request: 0.000014 seconds.
  path: Assets/DownloadedAssets/VanillaArt_MeadevilPack_FREE/Materials/house_01_roof.mat
  artifactKey: Guid(a9189838ce0966b449746ed7a129a7a2) Importer(815301076,1909f56bfc062723c751e8b465ee728b)
Number of updated assets reloaded before import = 0
Start importing Assets/DownloadedAssets/VanillaArt_MeadevilPack_FREE/Materials/house_01_roof.mat using Guid(a9189838ce0966b449746ed7a129a7a2) Importer(815301076,1909f56bfc062723c751e8b465ee728b)  -> (artifact id: '3c01ae56147b95d53590c99e38a849c1') in 0.012927 seconds 
Number of asset objects unloaded after import = 2
========================================================================
Received Import Request.
  Time since last request: 27.267514 seconds.
  path: Assets/DownloadedAssets/VanillaArt_MeadevilPack_FREE/Prefabs/ReadyToGame/fance_11.prefab
  artifactKey: Guid(98e3619974dd73b4096091fd08c93b88) Importer(815301076,1909f56bfc062723c751e8b465ee728b)
Number of updated assets reloaded before import = 0
Start importing Assets/DownloadedAssets/VanillaArt_MeadevilPack_FREE/Prefabs/ReadyToGame/fance_11.prefab using Guid(98e3619974dd73b4096091fd08c93b88) Importer(815301076,1909f56bfc062723c751e8b465ee728b)  -> (artifact id: 'c4b71f8b9afdba321dc4ba08fa2328dc') in 0.010175 seconds 
Number of asset objects unloaded after import = 16
========================================================================
Received Import Request.
  Time since last request: 0.000146 seconds.
  path: Assets/DownloadedAssets/VanillaArt_MeadevilPack_FREE/Prefabs/ReadyToGame/fence_03.prefab
  artifactKey: Guid(495f91368d81cca4499246edbd1c847e) Importer(815301076,1909f56bfc062723c751e8b465ee728b)
Number of updated assets reloaded before import = 0
Start importing Assets/DownloadedAssets/VanillaArt_MeadevilPack_FREE/Prefabs/ReadyToGame/fence_03.prefab using Guid(495f91368d81cca4499246edbd1c847e) Importer(815301076,1909f56bfc062723c751e8b465ee728b)  -> (artifact id: '327586ce1df4875607e7c6782e1bd0ea') in 0.008113 seconds 
Number of asset objects unloaded after import = 20
========================================================================
Received Import Request.
  Time since last request: 0.000014 seconds.
  path: Assets/DownloadedAssets/VanillaArt_MeadevilPack_FREE/Prefabs/ReadyToGame/stairs_01.prefab
  artifactKey: Guid(86d67c8980bc4cd4f847b3877b973f07) Importer(815301076,1909f56bfc062723c751e8b465ee728b)
Number of updated assets reloaded before import = 0
Start importing Assets/DownloadedAssets/VanillaArt_MeadevilPack_FREE/Prefabs/ReadyToGame/stairs_01.prefab using Guid(86d67c8980bc4cd4f847b3877b973f07) Importer(815301076,1909f56bfc062723c751e8b465ee728b)  -> (artifact id: '3d4e3976e8b4d7c4eaa051175169a968') in 0.005786 seconds 
Number of asset objects unloaded after import = 6
Editor requested this worker to shutdown with reason: Scaling down because of idle timeout
AssetImportWorker is now disconnected from the server
Process exiting
Exiting without the bug reporter. Application will terminate with return code 0